  [1m[36m (1.7ms)[0m  [1mCREATE TABLE "schema_migrations" ("version" varchar NOT NULL) [0m
  [1m[35m (0.1ms)[0m  select sqlite_version(*)
  [1m[36m (1.6ms)[0m  [1mCREATE UNIQUE INDEX "unique_schema_migrations" ON "schema_migrations" ("version")[0m
  [1m[35mActiveRecord::SchemaMigration Load (0.1ms)[0m  SELECT "schema_migrations".* FROM "schema_migrations"


Started GET "/" for ::1 at 2015-11-17 17:47:54 -0600
Processing by Rails::WelcomeController#index as HTML
  Rendered /Users/admin/.rvm/gems/ruby-2.1.2/gems/railties-4.2.3/lib/rails/templates/rails/welcome/index.html.erb (2.8ms)
Completed 200 OK in 27ms (Views: 19.4ms | ActiveRecord: 0.0ms)
  [1m[36mActiveRecord::SchemaMigration Load (0.1ms)[0m  [1mSELECT "schema_migrations".* FROM "schema_migrations"[0m
Migrating to CreateStudents (1)
  [1m[35m (0.1ms)[0m  begin transaction
  [1m[36m (0.4ms)[0m  [1mCREATE TABLE "students" ("id" INTEGER PRIMARY KEY AUTOINCREMENT NOT NULL, "first_name" varchar, "last_name" varchar, "created_at" datetime NOT NULL, "updated_at" datetime NOT NULL) [0m
  [1m[35mSQL (0.3ms)[0m  INSERT INTO "schema_migrations" ("version") VALUES (?)  [["version", "1"]]
  [1m[36m (1.4ms)[0m  [1mcommit transaction[0m
  [1m[35mActiveRecord::SchemaMigration Load (0.1ms)[0m  SELECT "schema_migrations".* FROM "schema_migrations"
  [1m[36m (0.1ms)[0m  [1mbegin transaction[0m
  [1m[35mSQL (0.3ms)[0m  INSERT INTO "students" ("first_name", "last_name", "created_at", "updated_at") VALUES (?, ?, ?, ?)  [["first_name", "Jordan"], ["last_name", "Hudgens"], ["created_at", "2015-11-18 00:10:55.545365"], ["updated_at", "2015-11-18 00:10:55.545365"]]
  [1m[36m (2.9ms)[0m  [1mcommit transaction[0m
  [1m[35mStudent Load (0.2ms)[0m  SELECT  "students".* FROM "students"  ORDER BY "students"."id" DESC LIMIT 1
  [1m[36m (0.1ms)[0m  [1mbegin transaction[0m
  [1m[35mSQL (0.3ms)[0m  INSERT INTO "students" ("created_at", "updated_at") VALUES (?, ?)  [["created_at", "2015-11-18 00:17:49.095449"], ["updated_at", "2015-11-18 00:17:49.095449"]]
  [1m[36m (1.2ms)[0m  [1mcommit transaction[0m
  [1m[35mStudent Load (0.2ms)[0m  SELECT  "students".* FROM "students"  ORDER BY "students"."id" DESC LIMIT 1
  [1m[36mActiveRecord::SchemaMigration Load (0.1ms)[0m  [1mSELECT "schema_migrations".* FROM "schema_migrations"[0m
  [1m[35mActiveRecord::SchemaMigration Load (0.1ms)[0m  SELECT "schema_migrations".* FROM "schema_migrations"


Started GET "/" for ::1 at 2015-11-18 13:36:42 -0600
  [1m[36mActiveRecord::SchemaMigration Load (0.1ms)[0m  [1mSELECT "schema_migrations".* FROM "schema_migrations"[0m
Processing by Rails::WelcomeController#index as HTML
  Rendered /Users/admin/.rvm/gems/ruby-2.1.2/gems/railties-4.2.3/lib/rails/templates/rails/welcome/index.html.erb (2.4ms)
Completed 200 OK in 39ms (Views: 24.5ms | ActiveRecord: 0.0ms)


Started GET "/" for ::1 at 2015-11-18 13:37:10 -0600
Processing by Rails::WelcomeController#index as HTML
  Rendered /Users/admin/.rvm/gems/ruby-2.1.2/gems/railties-4.2.3/lib/rails/templates/rails/welcome/index.html.erb (0.0ms)
Completed 200 OK in 1ms (Views: 0.7ms | ActiveRecord: 0.0ms)
  [1m[36mActiveRecord::SchemaMigration Load (0.5ms)[0m  [1mSELECT "schema_migrations".* FROM "schema_migrations"[0m
  [1m[35mActiveRecord::SchemaMigration Load (0.1ms)[0m  SELECT "schema_migrations".* FROM "schema_migrations"
  [1m[36mStudent Load (0.4ms)[0m  [1mSELECT  "students".* FROM "students"  ORDER BY "students"."id" DESC LIMIT 1[0m
  [1m[35mStudent Load (0.2ms)[0m  SELECT  "students".* FROM "students"  ORDER BY "students"."id" DESC LIMIT 1
  [1m[36m (0.1ms)[0m  [1mbegin transaction[0m
  [1m[35mSQL (0.6ms)[0m  DELETE FROM "students" WHERE "students"."id" = ?  [["id", 2]]
  [1m[36m (1.6ms)[0m  [1mcommit transaction[0m
  [1m[35mStudent Load (0.2ms)[0m  SELECT "students".* FROM "students"
DEPRECATION WARNING: ActiveRecord::Base.raise_in_transactional_callbacks= is deprecated, has no effect and will be removed without replacement. (called from require at /usr/local/rvm/rubies/ruby-2.3.1/lib/ruby/site_ruby/2.3.0/rubygems/core_ext/kernel_require.rb:54)
DEPRECATION WARNING: ActiveRecord::Base.raise_in_transactional_callbacks= is deprecated, has no effect and will be removed without replacement. (called from load at /usr/local/rvm/gems/ruby-2.3.1/bin/rake:23)
  [1m[35m (3.5ms)[0m  [1m[35mCREATE TABLE "ar_internal_metadata" ("key" varchar NOT NULL PRIMARY KEY, "value" varchar, "created_at" datetime NOT NULL, "updated_at" datetime NOT NULL)[0m
  [1m[36mActiveRecord::SchemaMigration Load (0.2ms)[0m  [1m[34mSELECT "schema_migrations".* FROM "schema_migrations"[0m
Migrating to CreateSchoolClasses (2)
DEPRECATION WARNING: ActiveRecord::Base.raise_in_transactional_callbacks= is deprecated, has no effect and will be removed without replacement. (called from load at /usr/local/rvm/gems/ruby-2.3.1/bin/rake:23)
  [1m[36mActiveRecord::SchemaMigration Load (0.2ms)[0m  [1m[34mSELECT "schema_migrations".* FROM "schema_migrations"[0m
Migrating to CreateSchoolClasses (2)
  [1m[35m (0.1ms)[0m  [1m[36mbegin transaction[0m
DEPRECATION WARNING: Directly inheriting from ActiveRecord::Migration is deprecated. Please specify the Rails release the migration was written for:

  class CreateSchoolClasses < ActiveRecord::Migration[4.2] (called from load at /usr/local/rvm/gems/ruby-2.3.1/bin/rake:23)
  [1m[35m (0.4ms)[0m  [1m[35mCREATE TABLE "school_classes" ("id" INTEGER PRIMARY KEY AUTOINCREMENT NOT NULL, "title" varchar, "room_number" integer, "created_at" datetime NOT NULL, "updated_at" datetime NOT NULL)[0m
  [1m[35mSQL (0.1ms)[0m  [1m[32mINSERT INTO "schema_migrations" ("version") VALUES (?)[0m  [["version", "2"]]
  [1m[35m (3.0ms)[0m  [1m[36mcommit transaction[0m
  [1m[36mActiveRecord::InternalMetadata Load (0.2ms)[0m  [1m[34mSELECT  "ar_internal_metadata".* FROM "ar_internal_metadata" WHERE "ar_internal_metadata"."key" = ? LIMIT ?[0m  [["key", "environment"], ["LIMIT", 1]]
  [1m[35m (0.1ms)[0m  [1m[36mbegin transaction[0m
  [1m[35mSQL (0.3ms)[0m  [1m[32mINSERT INTO "ar_internal_metadata" ("key", "value", "created_at", "updated_at") VALUES (?, ?, ?, ?)[0m  [["key", "environment"], ["value", "development"], ["created_at", "2019-02-06 22:12:08.692443"], ["updated_at", "2019-02-06 22:12:08.692443"]]
  [1m[35m (1.8ms)[0m  [1m[36mcommit transaction[0m
  [1m[36mActiveRecord::SchemaMigration Load (0.1ms)[0m  [1m[34mSELECT "schema_migrations".* FROM "schema_migrations"[0m
Started GET "/" for 91.207.175.59 at 2019-02-06 23:03:13 +0000
DEPRECATION WARNING: ActiveRecord::Base.raise_in_transactional_callbacks= is deprecated, has no effect and will be removed without replacement. (called from block (3 levels) in <class:Railtie> at /usr/local/rvm/gems/ruby-2.3.1/gems/activerecord-5.0.7.1/lib/active_record/railtie.rb:113)
  [1m[36mActiveRecord::SchemaMigration Load (0.2ms)[0m  [1m[34mSELECT "schema_migrations".* FROM "schema_migrations"[0m
Processing by Rails::WelcomeController#index as HTML
  Parameters: {"internal"=>true}
  Rendering /usr/local/rvm/gems/ruby-2.3.1/gems/railties-5.0.7.1/lib/rails/templates/rails/welcome/index.html.erb
  Rendered /usr/local/rvm/gems/ruby-2.3.1/gems/railties-5.0.7.1/lib/rails/templates/rails/welcome/index.html.erb (5.5ms)
Completed 200 OK in 31ms (Views: 15.5ms | ActiveRecord: 0.0ms)


Started GET "/students" for 91.207.175.59 at 2019-02-06 23:03:18 +0000
Processing by StudentsController#index as HTML
  Rendering students/index.html.erb within layouts/application
  Rendered students/index.html.erb within layouts/application (0.4ms)
Completed 200 OK in 620ms (Views: 618.7ms | ActiveRecord: 0.0ms)


Started GET "/assets/application.self-e80e8f2318043e8af94dddc2adad5a4f09739a8ebb323b3ab31cd71d45fd9113.css?body=1" for 91.207.175.59 at 2019-02-06 23:03:19 +0000
Started GET "/assets/jquery.self-bd7ddd393353a8d2480a622e80342adf488fb6006d667e8b42e4c0073393abee.js?body=1" for 91.207.175.59 at 2019-02-06 23:03:19 +0000
Started GET "/assets/jquery_ujs.self-784a997f6726036b1993eb2217c9cb558e1cbb801c6da88105588c56f13b466a.js?body=1" for 91.207.175.59 at 2019-02-06 23:03:19 +0000
Started GET "/assets/turbolinks.self-569ee74eaa15c1e2019317ff770b8769b1ec033a0f572a485f64c82ddc8f989e.js?body=1" for 91.207.175.59 at 2019-02-06 23:03:19 +0000
Started GET "/assets/application.self-3b8dabdc891efe46b9a144b400ad69e37d7e5876bdc39dee783419a69d7ca819.js?body=1" for 91.207.175.59 at 2019-02-06 23:03:19 +0000
Started GET "/students/new" for 91.207.175.59 at 2019-02-06 23:03:25 +0000
Processing by StudentsController#new as HTML
  Rendering students/new.html.erb within layouts/application
  Rendered students/new.html.erb within layouts/application (36.6ms)
Completed 200 OK in 77ms (Views: 65.9ms | ActiveRecord: 1.0ms)


Started POST "/students" for 91.207.175.59 at 2019-02-06 23:03:29 +0000
Processing by StudentsController#create as HTML
  Parameters: {"utf8"=>"✓", "authenticity_token"=>"Z6AT5ucNWKRLaBN02WH+HNVuV7zMzcrTjozEMW9Feu1vE/AGQygt4VwGZcZ0YVHqomc9zohdXYR+SMmSC4wrUQ==", "student"=>{"first_name"=>"a", "last_name"=>"b"}, "commit"=>"Create Student"}
  [1m[35m (0.1ms)[0m  [1m[36mbegin transaction[0m
  [1m[35mSQL (0.5ms)[0m  [1m[32mINSERT INTO "students" ("first_name", "last_name", "created_at", "updated_at") VALUES (?, ?, ?, ?)[0m  [["first_name", "a"], ["last_name", "b"], ["created_at", "2019-02-06 23:03:29.635339"], ["updated_at", "2019-02-06 23:03:29.635339"]]
  [1m[35m (3.4ms)[0m  [1m[36mcommit transaction[0m
Redirected to http://165.227.16.205:42420/students/3
Completed 302 Found in 10ms (ActiveRecord: 4.0ms)


Started GET "/students/3" for 91.207.175.59 at 2019-02-06 23:03:29 +0000
Processing by StudentsController#show as HTML
  Parameters: {"id"=>"3"}
  [1m[36mStudent Load (0.8ms)[0m  [1m[34mSELECT  "students".* FROM "students" WHERE "students"."id" = ? LIMIT ?[0m  [["id", 3], ["LIMIT", 1]]
  Rendering students/show.html.erb within layouts/application
  Rendered students/show.html.erb within layouts/application (0.4ms)
Completed 200 OK in 30ms (Views: 22.7ms | ActiveRecord: 0.8ms)


